[debug] [2024-01-08T11:03:59.270Z] ----------------------------------------------------------------------
[debug] [2024-01-08T11:03:59.275Z] Command:       C:\Program Files\nodejs\node.exe C:\Users\Harisman Efendi\AppData\Roaming\npm\node_modules\firebase-tools\lib\bin\firebase.js init
[debug] [2024-01-08T11:03:59.276Z] CLI Version:   12.9.1
[debug] [2024-01-08T11:03:59.277Z] Platform:      win32
[debug] [2024-01-08T11:03:59.277Z] Node Version:  v20.10.0
[debug] [2024-01-08T11:03:59.277Z] Time:          Mon Jan 08 2024 18:03:59 GMT+0700 (Western Indonesia Time)
[debug] [2024-01-08T11:03:59.277Z] ----------------------------------------------------------------------
[debug] 
[debug] [2024-01-08T11:03:59.290Z] > command requires scopes: ["email","openid","https://www.googleapis.com/auth/cloudplatformprojects.readonly","https://www.googleapis.com/auth/firebase","https://www.googleapis.com/auth/cloud-platform"]
[debug] [2024-01-08T11:03:59.292Z] > authorizing via signed-in user (harismanef88@gmail.com)
[info] 
     ######## #### ########  ######## ########     ###     ######  ########
     ##        ##  ##     ## ##       ##     ##  ##   ##  ##       ##
     ######    ##  ########  ######   ########  #########  ######  ######
     ##        ##  ##    ##  ##       ##     ## ##     ##       ## ##
     ##       #### ##     ## ######## ########  ##     ##  ######  ########

You're about to initialize a Firebase project in this directory:

  C:\Users\Harisman Efendi\desktop\react-ta

[info] 
=== Project Setup
[info] 
[info] First, let's associate this project directory with a Firebase project.
[info] You can create multiple project aliases by running firebase use --add, 
[info] but for now we'll just set up a default project.
[info] 
[debug] [2024-01-08T11:05:02.390Z] >>> [apiv2][query] GET https://firebase.googleapis.com/v1beta1/projects pageSize=100
[debug] [2024-01-08T11:05:03.169Z] <<< [apiv2][status] GET https://firebase.googleapis.com/v1beta1/projects 200
[debug] [2024-01-08T11:05:03.170Z] <<< [apiv2][body] GET https://firebase.googleapis.com/v1beta1/projects [omitted]
[info] i  Using project setoran-online (setoran-online) 
[info] 
=== Database Setup
[info] i  database: ensuring required API firebasedatabase.googleapis.com is enabled... 
[debug] [2024-01-08T11:05:04.906Z] >>> [apiv2][query] GET https://serviceusage.googleapis.com/v1/projects/setoran-online/services/firebasedatabase.googleapis.com [none]
[debug] [2024-01-08T11:05:04.908Z] >>> [apiv2][(partial)header] GET https://serviceusage.googleapis.com/v1/projects/setoran-online/services/firebasedatabase.googleapis.com x-goog-quota-user=projects/setoran-online
[debug] [2024-01-08T11:05:06.390Z] <<< [apiv2][status] GET https://serviceusage.googleapis.com/v1/projects/setoran-online/services/firebasedatabase.googleapis.com 200
[debug] [2024-01-08T11:05:06.391Z] <<< [apiv2][body] GET https://serviceusage.googleapis.com/v1/projects/setoran-online/services/firebasedatabase.googleapis.com [omitted]
[info] +  database: required API firebasedatabase.googleapis.com is enabled 
[info] 
[debug] [2024-01-08T11:05:06.397Z] >>> [apiv2][query] GET https://firebasedatabase.googleapis.com/v1beta/projects/setoran-online/locations/-/instances/setoran-online-default-rtdb [none]
[debug] [2024-01-08T11:05:08.044Z] <<< [apiv2][status] GET https://firebasedatabase.googleapis.com/v1beta/projects/setoran-online/locations/-/instances/setoran-online-default-rtdb 200
[debug] [2024-01-08T11:05:08.045Z] <<< [apiv2][body] GET https://firebasedatabase.googleapis.com/v1beta/projects/setoran-online/locations/-/instances/setoran-online-default-rtdb {"name":"projects/897721515379/locations/us-central1/instances/setoran-online-default-rtdb","project":"projects/897721515379","databaseUrl":"https://setoran-online-default-rtdb.firebaseio.com","type":"DEFAULT_DATABASE","state":"ACTIVE"}
[info] 
[info] Firebase Realtime Database Security Rules allow you to define how your data should be
[info] structured and when your data can be read from and written to.
[info] 
[debug] [2024-01-08T11:06:40.463Z] >>> [apiv2][query] GET https://setoran-online-default-rtdb.firebaseio.com/.settings/rules.json [none]
[debug] [2024-01-08T11:06:41.162Z] <<< [apiv2][status] GET https://setoran-online-default-rtdb.firebaseio.com/.settings/rules.json 200
[debug] [2024-01-08T11:06:41.163Z] <<< [apiv2][body] GET https://setoran-online-default-rtdb.firebaseio.com/.settings/rules.json [stream]
[info] +  Database Rules for setoran-online-default-rtdb have been written to database.rules.json. 
[info] Future modifications to database.rules.json will update Realtime Database Security Rules when you run
[info] firebase deploy.
[info] 
=== Hosting Setup
[debug] [2024-01-08T11:06:41.184Z] >>> [apiv2][query] GET https://firebase.googleapis.com/v1beta1/projects/setoran-online [none]
[debug] [2024-01-08T11:06:41.488Z] <<< [apiv2][status] GET https://firebase.googleapis.com/v1beta1/projects/setoran-online 200
[debug] [2024-01-08T11:06:41.488Z] <<< [apiv2][body] GET https://firebase.googleapis.com/v1beta1/projects/setoran-online {"projectId":"setoran-online","projectNumber":"897721515379","displayName":"setoran-online","name":"projects/setoran-online","resources":{"hostingSite":"setoran-online","realtimeDatabaseInstance":"setoran-online-default-rtdb","storageBucket":"setoran-online.appspot.com","locationId":"asia-southeast2"},"state":"ACTIVE","etag":"1_5bb6f3de-432c-4690-8a16-1091ed243860"}
[info] 
[info] Your public directory is the folder (relative to your project directory) that
[info] will contain Hosting assets to be uploaded with firebase deploy. If you
[info] have a build process for your assets, use your build's output directory.
[info] 
[debug] [2024-01-08T11:08:10.734Z] >>> [apiv2][query] GET https://www.gstatic.com/firebasejs/releases.json [none]
[debug] [2024-01-08T11:08:10.818Z] <<< [apiv2][status] GET https://www.gstatic.com/firebasejs/releases.json 200
[debug] [2024-01-08T11:08:10.818Z] <<< [apiv2][body] GET https://www.gstatic.com/firebasejs/releases.json {"current":{"version":"10.7.1","browserURL":"https://www.gstatic.com/firebasejs/10.7.1/firebase.js","packageURL":"https://www.gstatic.com/firebasejs/10.7.1/firebase.tgz"},"live":{"version":"10.7","browserURL":"https://www.gstatic.com/firebasejs/live/10.7/firebase.js","packageURL":"https://www.gstatic.com/firebasejs/live/10.7/firebase.tgz"},"components":{"analytics":"https://www.gstatic.com/firebasejs/10.7.1/firebase-analytics.js","app":"https://www.gstatic.com/firebasejs/10.7.1/firebase-app.js","app-check":"https://www.gstatic.com/firebasejs/10.7.1/firebase-app-check.js","auth":"https://www.gstatic.com/firebasejs/10.7.1/firebase-auth.js","auth/cordova":"https://www.gstatic.com/firebasejs/10.7.1/firebase-auth/cordova.js","functions":"https://www.gstatic.com/firebasejs/10.7.1/firebase-functions.js","firestore":"https://www.gstatic.com/firebasejs/10.7.1/firebase-firestore.js","firestore/lite":"https://www.gstatic.com/firebasejs/10.7.1/firebase-firestore/lite.js","installations":"https://www.gstatic.com/firebasejs/10.7.1/firebase-installations.js","storage":"https://www.gstatic.com/firebasejs/10.7.1/firebase-storage.js","performance":"https://www.gstatic.com/firebasejs/10.7.1/firebase-performance.js","remote-config":"https://www.gstatic.com/firebasejs/10.7.1/firebase-remote-config.js","messaging":"https://www.gstatic.com/firebasejs/10.7.1/firebase-messaging.js","messaging/sw":"https://www.gstatic.com/firebasejs/10.7.1/firebase-messaging/sw.js","database":"https://www.gstatic.com/firebasejs/10.7.1/firebase-database.js","firestore.memory":"https://www.gstatic.com/firebasejs/10.7.1/firebase-firestore.memory.js"}}
[info] +  Wrote public/index.html 
[info] 
[info] i  Detected a .git folder at C:\Users\Harisman Efendi\desktop\react-ta 
[info] i  Authorizing with GitHub to upload your service account to a GitHub repository's secrets store. 
[info] 
[info] Visit this URL on this device to log in:
[info] https://github.com/login/oauth/authorize?client_id=89cf50f02ac6aaed3484&state=379924188&redirect_uri=http%3A%2F%2Flocalhost%3A9005&scope=read%3Auser%20repo%20public_repo
[info] 
[info] Waiting for authentication...
[debug] [2024-01-08T11:08:54.918Z] >>> [apiv2][query] POST https://github.com/login/oauth/access_token [none]
[debug] [2024-01-08T11:08:54.919Z] >>> [apiv2][body] POST https://github.com/login/oauth/access_token [stream]
[debug] [2024-01-08T11:08:55.464Z] <<< [apiv2][status] POST https://github.com/login/oauth/access_token 200
[debug] [2024-01-08T11:08:55.464Z] <<< [apiv2][body] POST https://github.com/login/oauth/access_token {"access_token":"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","token_type":"bearer","scope":"read:user,repo"}
[debug] [2024-01-08T11:08:55.491Z] >>> [apiv2][query] GET https://api.github.com/user [none]
[debug] [2024-01-08T11:08:55.999Z] <<< [apiv2][status] GET https://api.github.com/user 200
[debug] [2024-01-08T11:08:55.999Z] <<< [apiv2][body] GET https://api.github.com/user {"login":"harismanefendi","id":132581121,"node_id":"U_kgDOB-cHAQ","avatar_url":"https://avatars.githubusercontent.com/u/132581121?v=4","gravatar_id":"","url":"https://api.github.com/users/harismanefendi","html_url":"https://github.com/harismanefendi","followers_url":"https://api.github.com/users/harismanefendi/followers","following_url":"https://api.github.com/users/harismanefendi/following{/other_user}","gists_url":"https://api.github.com/users/harismanefendi/gists{/gist_id}","starred_url":"https://api.github.com/users/harismanefendi/starred{/owner}{/repo}","subscriptions_url":"https://api.github.com/users/harismanefendi/subscriptions","organizations_url":"https://api.github.com/users/harismanefendi/orgs","repos_url":"https://api.github.com/users/harismanefendi/repos","events_url":"https://api.github.com/users/harismanefendi/events{/privacy}","received_events_url":"https://api.github.com/users/harismanefendi/received_events","type":"User","site_admin":false,"name":null,"company":null,"blog":"","location":null,"email":null,"hireable":null,"bio":null,"twitter_username":null,"public_repos":3,"public_gists":0,"followers":0,"following":0,"created_at":"2023-05-04T13:20:21Z","updated_at":"2023-11-17T05:30:08Z","private_gists":0,"total_private_repos":2,"owned_private_repos":2,"disk_usage":17193,"collaborators":0,"two_factor_authentication":false,"plan":{"name":"free","space":976562499,"collaborators":0,"private_repos":10000}}
[info] 
[info] +  Success! Logged into GitHub as harismanefendi 
[info] 
